GameDemoChingfeng/HuoSdkLib/build/outputs/logs/manifest-merger-debug-report.txt
-- Merging decision tree log ---
manifest
ADDED from GameDemoChingfeng/HuoSdkLib/AndroidManifest.xml:3:1-83:12
INJECTED from GameDemoChingfeng/HuoSdkLib/AndroidManifest.xml:3:1-83:12
INJECTED from GameDemoChingfeng/HuoSdkLib/AndroidManifest.xml:3:1-83:12
	package
		ADDED from GameDemoChingfeng/HuoSdkLib/AndroidManifest.xml:3:117-139
		INJECTED from GameDemoChingfeng/HuoSdkLib/AndroidManifest.xml
		INJECTED from GameDemoChingfeng/HuoSdkLib/AndroidManifest.xml
	xmlns:tools
		ADDED from GameDemoChingfeng/HuoSdkLib/AndroidManifest.xml:3:70-116
	xmlns:android
		ADDED from GameDemoChingfeng/HuoSdkLib/AndroidManifest.xml:3:11-69
uses-permission#android.permission.INTERNET
ADDED from GameDemoChingfeng/HuoSdkLib/AndroidManifest.xml:4:3-64
	android:name
		ADDED from GameDemoChingfeng/HuoSdkLib/AndroidManifest.xml:4:20-62
uses-permission#android.permission.ACCESS_NETWORK_STATE
ADDED from GameDemoChingfeng/HuoSdkLib/AndroidManifest.xml:5:3-76
	android:name
		ADDED from GameDemoChingfeng/HuoSdkLib/AndroidManifest.xml:5:20-74
uses-permission#android.permission.CHANGE_NETWORK_STATE
ADDED from GameDemoChingfeng/HuoSdkLib/AndroidManifest.xml:6:3-76
	android:name
		ADDED from GameDemoChingfeng/HuoSdkLib/AndroidManifest.xml:6:20-74
uses-permission#android.permission.READ_PHONE_STATE
ADDED from GameDemoChingfeng/HuoSdkLib/AndroidManifest.xml:7:3-72
	android:name
		ADDED from GameDemoChingfeng/HuoSdkLib/AndroidManifest.xml:7:20-70
uses-permission#org.simalliance.openmobileapi.SMARTCARD
ADDED from GameDemoChingfeng/HuoSdkLib/AndroidManifest.xml:8:3-76
	android:name
		ADDED from GameDemoChingfeng/HuoSdkLib/AndroidManifest.xml:8:20-74
uses-permission#android.permission.NFC
ADDED from GameDemoChingfeng/HuoSdkLib/AndroidManifest.xml:9:3-59
	android:name
		ADDED from GameDemoChingfeng/HuoSdkLib/AndroidManifest.xml:9:20-57
uses-feature#android.hardware.nfc.hce
ADDED from GameDemoChingfeng/HuoSdkLib/AndroidManifest.xml:10:3-58
	android:name
		ADDED from GameDemoChingfeng/HuoSdkLib/AndroidManifest.xml:10:17-56
uses-permission#android.permission.SEND_SMS
ADDED from GameDemoChingfeng/HuoSdkLib/AndroidManifest.xml:11:3-64
	android:name
		ADDED from GameDemoChingfeng/HuoSdkLib/AndroidManifest.xml:11:20-62
uses-permission#android.permission.VIBRATE
ADDED from GameDemoChingfeng/HuoSdkLib/AndroidManifest.xml:12:3-63
	android:name
		ADDED from GameDemoChingfeng/HuoSdkLib/AndroidManifest.xml:12:20-61
uses-permission#android.webkit.permission.PLUGIN
ADDED from GameDemoChingfeng/HuoSdkLib/AndroidManifest.xml:13:3-69
	android:name
		ADDED from GameDemoChingfeng/HuoSdkLib/AndroidManifest.xml:13:20-67
uses-permission#android.permission.WRITE_SETTINGS
ADDED from GameDemoChingfeng/HuoSdkLib/AndroidManifest.xml:14:3-70
	android:name
		ADDED from GameDemoChingfeng/HuoSdkLib/AndroidManifest.xml:14:20-68
uses-permission#android.permission.CHANGE_WIFI_STATE
ADDED from GameDemoChingfeng/HuoSdkLib/AndroidManifest.xml:15:3-73
	android:name
		ADDED from GameDemoChingfeng/HuoSdkLib/AndroidManifest.xml:15:20-71
uses-permission#android.permission.WAKE_LOCK
ADDED from GameDemoChingfeng/HuoSdkLib/AndroidManifest.xml:16:3-65
	android:name
		ADDED from GameDemoChingfeng/HuoSdkLib/AndroidManifest.xml:16:20-63
uses-permission#android.permission.CALL_PHONE
ADDED from GameDemoChingfeng/HuoSdkLib/AndroidManifest.xml:17:3-66
	android:name
		ADDED from GameDemoChingfeng/HuoSdkLib/AndroidManifest.xml:17:20-64
uses-permission#android.permission.SYSTEM_ALERT_WINDOW
ADDED from GameDemoChingfeng/HuoSdkLib/AndroidManifest.xml:18:3-75
	android:name
		ADDED from GameDemoChingfeng/HuoSdkLib/AndroidManifest.xml:18:20-73
uses-permission#android.permission.GET_TASKS
ADDED from GameDemoChingfeng/HuoSdkLib/AndroidManifest.xml:19:3-65
	android:name
		ADDED from GameDemoChingfeng/HuoSdkLib/AndroidManifest.xml:19:20-63
uses-permission#android.permission.MOUNT_UNMOUNT_FILESYSTEMS
ADDED from GameDemoChingfeng/HuoSdkLib/AndroidManifest.xml:21:3-81
	android:name
		ADDED from GameDemoChingfeng/HuoSdkLib/AndroidManifest.xml:21:20-79
uses-permission#android.permission.ACCESS_WIFI_STATE
ADDED from GameDemoChingfeng/HuoSdkLib/AndroidManifest.xml:22:3-73
	android:name
		ADDED from GameDemoChingfeng/HuoSdkLib/AndroidManifest.xml:22:20-71
uses-permission#android.permission.ACCESS_FINE_LOCATION
ADDED from GameDemoChingfeng/HuoSdkLib/AndroidManifest.xml:23:3-76
	android:name
		ADDED from GameDemoChingfeng/HuoSdkLib/AndroidManifest.xml:23:20-74
uses-permission#android.permission.ACCESS_COARSE_LOCATION
ADDED from GameDemoChingfeng/HuoSdkLib/AndroidManifest.xml:24:3-78
	android:name
		ADDED from GameDemoChingfeng/HuoSdkLib/AndroidManifest.xml:24:20-76
uses-permission#android.permission.WRITE_EXTERNAL_STORAGE
ADDED from GameDemoChingfeng/HuoSdkLib/AndroidManifest.xml:25:3-78
	android:name
		ADDED from GameDemoChingfeng/HuoSdkLib/AndroidManifest.xml:25:20-76
uses-feature#android.hardware.camera
ADDED from GameDemoChingfeng/HuoSdkLib/AndroidManifest.xml:27:3-57
	android:name
		ADDED from GameDemoChingfeng/HuoSdkLib/AndroidManifest.xml:27:17-55
uses-permission#android.permission.CAMERA
ADDED from GameDemoChingfeng/HuoSdkLib/AndroidManifest.xml:28:3-62
	android:name
		ADDED from GameDemoChingfeng/HuoSdkLib/AndroidManifest.xml:28:20-60
uses-permission#android.hardware.camera.autofocus
ADDED from GameDemoChingfeng/HuoSdkLib/AndroidManifest.xml:29:3-70
	android:name
		ADDED from GameDemoChingfeng/HuoSdkLib/AndroidManifest.xml:29:20-68
uses-permission#android.permission.RECEIVE_SMS
ADDED from GameDemoChingfeng/HuoSdkLib/AndroidManifest.xml:31:3-67
	android:name
		ADDED from GameDemoChingfeng/HuoSdkLib/AndroidManifest.xml:31:20-65
uses-permission#android.permission.READ_SMS
ADDED from GameDemoChingfeng/HuoSdkLib/AndroidManifest.xml:32:3-64
	android:name
		ADDED from GameDemoChingfeng/HuoSdkLib/AndroidManifest.xml:32:20-62
uses-permission#android.permission.RECORD_VIDEO
ADDED from GameDemoChingfeng/HuoSdkLib/AndroidManifest.xml:34:3-68
	android:name
		ADDED from GameDemoChingfeng/HuoSdkLib/AndroidManifest.xml:34:20-66
uses-permission#android.permission.INTERACT_ACROSS_USERS_FULL
ADDED from GameDemoChingfeng/HuoSdkLib/AndroidManifest.xml:35:3-82
	android:name
		ADDED from GameDemoChingfeng/HuoSdkLib/AndroidManifest.xml:35:20-80
uses-permission#android.permission.READ_EXTERNAL_STORAGE
ADDED from GameDemoChingfeng/HuoSdkLib/AndroidManifest.xml:36:3-77
	android:name
		ADDED from GameDemoChingfeng/HuoSdkLib/AndroidManifest.xml:36:20-75
uses-permission#com.android.launcher.permission.INSTALL_SHORTCUT
ADDED from GameDemoChingfeng/HuoSdkLib/AndroidManifest.xml:37:3-85
	android:name
		ADDED from GameDemoChingfeng/HuoSdkLib/AndroidManifest.xml:37:20-83
uses-permission#com.android.permission.WRITE_APN_SETTINGS
ADDED from GameDemoChingfeng/HuoSdkLib/AndroidManifest.xml:38:3-78
	android:name
		ADDED from GameDemoChingfeng/HuoSdkLib/AndroidManifest.xml:38:20-76
application
ADDED from GameDemoChingfeng/HuoSdkLib/AndroidManifest.xml:39:3-82:17
activity#com.game.sdk.ui.WebPayActivity
ADDED from GameDemoChingfeng/HuoSdkLib/AndroidManifest.xml:41:5-316
	android:screenOrientation
		ADDED from GameDemoChingfeng/HuoSdkLib/AndroidManifest.xml:41:93-127
	android:launchMode
		ADDED from GameDemoChingfeng/HuoSdkLib/AndroidManifest.xml:41:61-92
	android:windowSoftInputMode
		ADDED from GameDemoChingfeng/HuoSdkLib/AndroidManifest.xml:41:260-314
	android:configChanges
		ADDED from GameDemoChingfeng/HuoSdkLib/AndroidManifest.xml:41:187-259
	android:theme
		ADDED from GameDemoChingfeng/HuoSdkLib/AndroidManifest.xml:41:128-186
	android:name
		ADDED from GameDemoChingfeng/HuoSdkLib/AndroidManifest.xml:41:15-60
activity#com.game.sdk.ui.FloatWebActivity
ADDED from GameDemoChingfeng/HuoSdkLib/AndroidManifest.xml:43:5-264
	android:screenOrientation
		ADDED from GameDemoChingfeng/HuoSdkLib/AndroidManifest.xml:43:114-148
	android:windowSoftInputMode
		ADDED from GameDemoChingfeng/HuoSdkLib/AndroidManifest.xml:43:208-262
	android:configChanges
		ADDED from GameDemoChingfeng/HuoSdkLib/AndroidManifest.xml:43:63-113
	android:theme
		ADDED from GameDemoChingfeng/HuoSdkLib/AndroidManifest.xml:43:149-207
	android:name
		ADDED from GameDemoChingfeng/HuoSdkLib/AndroidManifest.xml:43:15-62
activity#com.game.sdk.ui.HuoLoginActivity
ADDED from GameDemoChingfeng/HuoSdkLib/AndroidManifest.xml:45:5-330
	android:screenOrientation
		ADDED from GameDemoChingfeng/HuoSdkLib/AndroidManifest.xml:45:262-296
	android:launchMode
		ADDED from GameDemoChingfeng/HuoSdkLib/AndroidManifest.xml:45:297-328
	android:windowSoftInputMode
		ADDED from GameDemoChingfeng/HuoSdkLib/AndroidManifest.xml:45:207-261
	android:configChanges
		ADDED from GameDemoChingfeng/HuoSdkLib/AndroidManifest.xml:45:134-206
	android:theme
		ADDED from GameDemoChingfeng/HuoSdkLib/AndroidManifest.xml:45:63-133
	android:name
		ADDED from GameDemoChingfeng/HuoSdkLib/AndroidManifest.xml:45:15-62
activity#com.game.sdk.ui.WebViewActivity
ADDED from GameDemoChingfeng/HuoSdkLib/AndroidManifest.xml:47:5-226
	android:screenOrientation
		ADDED from GameDemoChingfeng/HuoSdkLib/AndroidManifest.xml:47:135-169
	android:windowSoftInputMode
		ADDED from GameDemoChingfeng/HuoSdkLib/AndroidManifest.xml:47:170-224
	android:configChanges
		ADDED from GameDemoChingfeng/HuoSdkLib/AndroidManifest.xml:47:62-134
	android:name
		ADDED from GameDemoChingfeng/HuoSdkLib/AndroidManifest.xml:47:15-61
service#com.game.sdk.HuosdkService
ADDED from GameDemoChingfeng/HuoSdkLib/AndroidManifest.xml:49:5-57
	android:name
		ADDED from GameDemoChingfeng/HuoSdkLib/AndroidManifest.xml:49:14-55
activity#com.game.applicaionid.wxapi.WXEntryActivity
ADDED from GameDemoChingfeng/HuoSdkLib/AndroidManifest.xml:70:5-300
	android:screenOrientation
		ADDED from GameDemoChingfeng/HuoSdkLib/AndroidManifest.xml:70:220-256
	android:label
		ADDED from GameDemoChingfeng/HuoSdkLib/AndroidManifest.xml:70:257-298
	android:exported
		ADDED from GameDemoChingfeng/HuoSdkLib/AndroidManifest.xml:70:196-219
	android:configChanges
		ADDED from GameDemoChingfeng/HuoSdkLib/AndroidManifest.xml:70:134-195
	android:theme
		ADDED from GameDemoChingfeng/HuoSdkLib/AndroidManifest.xml:70:74-133
	android:name
		ADDED from GameDemoChingfeng/HuoSdkLib/AndroidManifest.xml:70:15-73
activity#com.alipay.sdk.app.H5PayActivity
ADDED from GameDemoChingfeng/HuoSdkLib/AndroidManifest.xml:71:5-300
	android:screenOrientation
		ADDED from GameDemoChingfeng/HuoSdkLib/AndroidManifest.xml:71:150-184
	android:windowSoftInputMode
		ADDED from GameDemoChingfeng/HuoSdkLib/AndroidManifest.xml:71:244-298
	android:exported
		ADDED from GameDemoChingfeng/HuoSdkLib/AndroidManifest.xml:71:125-149
	android:configChanges
		ADDED from GameDemoChingfeng/HuoSdkLib/AndroidManifest.xml:71:63-124
	android:theme
		ADDED from GameDemoChingfeng/HuoSdkLib/AndroidManifest.xml:71:185-243
	android:name
		ADDED from GameDemoChingfeng/HuoSdkLib/AndroidManifest.xml:71:15-62
activity#com.ipaynow.plugin.presenter.PayMethodActivity
ADDED from GameDemoChingfeng/HuoSdkLib/AndroidManifest.xml:72:5-299
	android:screenOrientation
		ADDED from GameDemoChingfeng/HuoSdkLib/AndroidManifest.xml:72:175-211
	android:label
		ADDED from GameDemoChingfeng/HuoSdkLib/AndroidManifest.xml:72:212-253
	android:exported
		ADDED from GameDemoChingfeng/HuoSdkLib/AndroidManifest.xml:72:150-174
	android:configChanges
		ADDED from GameDemoChingfeng/HuoSdkLib/AndroidManifest.xml:72:77-149
	android:theme
		ADDED from GameDemoChingfeng/HuoSdkLib/AndroidManifest.xml:72:254-297
	android:name
		ADDED from GameDemoChingfeng/HuoSdkLib/AndroidManifest.xml:72:15-76
activity#com.ipaynow.plugin.inner_plugin.wechatwp.activity.WeChatNotifyActivity
ADDED from GameDemoChingfeng/HuoSdkLib/AndroidManifest.xml:73:5-380
	android:screenOrientation
		ADDED from GameDemoChingfeng/HuoSdkLib/AndroidManifest.xml:73:256-292
	android:label
		ADDED from GameDemoChingfeng/HuoSdkLib/AndroidManifest.xml:73:293-334
	android:launchMode
		ADDED from GameDemoChingfeng/HuoSdkLib/AndroidManifest.xml:73:225-255
	android:exported
		ADDED from GameDemoChingfeng/HuoSdkLib/AndroidManifest.xml:73:200-224
	android:configChanges
		ADDED from GameDemoChingfeng/HuoSdkLib/AndroidManifest.xml:73:101-199
	android:theme
		ADDED from GameDemoChingfeng/HuoSdkLib/AndroidManifest.xml:73:335-378
	android:name
		ADDED from GameDemoChingfeng/HuoSdkLib/AndroidManifest.xml:73:15-100
meta-data#HS_APPID
ADDED from GameDemoChingfeng/HuoSdkLib/AndroidManifest.xml:74:5-59
	android:value
		ADDED from GameDemoChingfeng/HuoSdkLib/AndroidManifest.xml:74:40-57
	android:name
		ADDED from GameDemoChingfeng/HuoSdkLib/AndroidManifest.xml:74:16-39
meta-data#HS_CLIENTID
ADDED from GameDemoChingfeng/HuoSdkLib/AndroidManifest.xml:75:5-62
	android:value
		ADDED from GameDemoChingfeng/HuoSdkLib/AndroidManifest.xml:75:43-60
	android:name
		ADDED from GameDemoChingfeng/HuoSdkLib/AndroidManifest.xml:75:16-42
meta-data#HS_CLIENTKEY
ADDED from GameDemoChingfeng/HuoSdkLib/AndroidManifest.xml:76:5-94
	android:value
		ADDED from GameDemoChingfeng/HuoSdkLib/AndroidManifest.xml:76:44-92
	android:name
		ADDED from GameDemoChingfeng/HuoSdkLib/AndroidManifest.xml:76:16-43